[2018-07-05 16:30:46][debug] begin notify
[2018-07-05 16:30:46][debug] call back:{"appid":"wx16b93c7ce7fa04b7","attach":"admin","bank_type":"CFT","cash_fee":"1","fee_type":"CNY","is_subscribe":"Y","mch_id":"1495734452","nonce_str":"5gfcog5w00pq7m0fi472ikh24aekrdvh","openid":"ox6IP1nToWIzfRaevqy5tgbBZ4fc","out_trade_no":"149573445220180705155632","result_code":"SUCCESS","return_code":"SUCCESS","sign":"9B4C271078F11F78F6D012D5B4350586","time_end":"20180705155643","total_fee":"1","trade_type":"JSAPI","transaction_id":"4200000153201807056000489120"}
[2018-07-05 16:30:46][debug] transaction_id:{}
[2018-07-05 16:30:47][debug] query:{"appid":"wx16b93c7ce7fa04b7","attach":"admin","bank_type":"CFT","cash_fee":"1","fee_type":"CNY","is_subscribe":"Y","mch_id":"1495734452","nonce_str":"VrZSz92CM7uGuux2","openid":"ox6IP1nToWIzfRaevqy5tgbBZ4fc","out_trade_no":"149573445220180705155632","result_code":"SUCCESS","return_code":"SUCCESS","return_msg":"OK","sign":"01808A73679900F202394CFB8B989900","time_end":"20180705155643","total_fee":"1","trade_state":"SUCCESS","trade_state_desc":"\u652f\u4ed8\u6210\u529f","trade_type":"JSAPI","transaction_id":"4200000153201807056000489120"}
[2018-07-05 16:30:47][debug] call back admin code:
[2018-07-05 16:30:47][debug] call back admin flag OK 
[2018-07-05 16:30:49][debug] begin notify
[2018-07-05 16:30:49][debug] call back:{"appid":"wx16b93c7ce7fa04b7","attach":"admin","bank_type":"CFT","cash_fee":"1","fee_type":"CNY","is_subscribe":"Y","mch_id":"1495734452","nonce_str":"kvj6pg825cl00ru165u5pwvsfymukama","openid":"ox6IP1nToWIzfRaevqy5tgbBZ4fc","out_trade_no":"149573445220180705163040","result_code":"SUCCESS","return_code":"SUCCESS","sign":"BFDCE462F78FE0DF96305325D9778C65","time_end":"20180705163048","total_fee":"1","trade_type":"JSAPI","transaction_id":"4200000139201807056050747799"}
[2018-07-05 16:30:49][debug] transaction_id:{}
[2018-07-05 16:30:49][debug] query:{"appid":"wx16b93c7ce7fa04b7","attach":"admin","bank_type":"CFT","cash_fee":"1","fee_type":"CNY","is_subscribe":"Y","mch_id":"1495734452","nonce_str":"Od3iQf5IJee80HuX","openid":"ox6IP1nToWIzfRaevqy5tgbBZ4fc","out_trade_no":"149573445220180705163040","result_code":"SUCCESS","return_code":"SUCCESS","return_msg":"OK","sign":"6BE14987B5CDE23346C1D8153D41F286","time_end":"20180705163048","total_fee":"1","trade_state":"SUCCESS","trade_state_desc":"\u652f\u4ed8\u6210\u529f","trade_type":"JSAPI","transaction_id":"4200000139201807056050747799"}
[2018-07-05 16:30:49][debug] call back admin code:
[2018-07-05 16:30:49][debug] call back admin flag OK 
[2018-07-05 16:31:06][debug] begin notify
[2018-07-05 16:31:06][debug] call back:{"appid":"wx16b93c7ce7fa04b7","attach":"admin","bank_type":"CFT","cash_fee":"1","fee_type":"CNY","is_subscribe":"Y","mch_id":"1495734452","nonce_str":"kvj6pg825cl00ru165u5pwvsfymukama","openid":"ox6IP1nToWIzfRaevqy5tgbBZ4fc","out_trade_no":"149573445220180705163040","result_code":"SUCCESS","return_code":"SUCCESS","sign":"BFDCE462F78FE0DF96305325D9778C65","time_end":"20180705163048","total_fee":"1","trade_type":"JSAPI","transaction_id":"4200000139201807056050747799"}
[2018-07-05 16:31:06][debug] transaction_id:{}
[2018-07-05 16:31:06][debug] query:{"appid":"wx16b93c7ce7fa04b7","attach":"admin","bank_type":"CFT","cash_fee":"1","fee_type":"CNY","is_subscribe":"Y","mch_id":"1495734452","nonce_str":"wkg0tdnkjb7UaXcE","openid":"ox6IP1nToWIzfRaevqy5tgbBZ4fc","out_trade_no":"149573445220180705163040","result_code":"SUCCESS","return_code":"SUCCESS","return_msg":"OK","sign":"C06C00DC47FA0CA3A509D2F4F7B71F0B","time_end":"20180705163048","total_fee":"1","trade_state":"SUCCESS","trade_state_desc":"\u652f\u4ed8\u6210\u529f","trade_type":"JSAPI","transaction_id":"4200000139201807056050747799"}
[2018-07-05 16:31:06][debug] call back admin code:
[2018-07-05 16:31:06][debug] call back admin flag OK 
[2018-07-05 16:31:22][debug] begin notify
[2018-07-05 16:31:22][debug] call back:{"appid":"wx16b93c7ce7fa04b7","attach":"admin","bank_type":"CFT","cash_fee":"1","fee_type":"CNY","is_subscribe":"Y","mch_id":"1495734452","nonce_str":"kvj6pg825cl00ru165u5pwvsfymukama","openid":"ox6IP1nToWIzfRaevqy5tgbBZ4fc","out_trade_no":"149573445220180705163040","result_code":"SUCCESS","return_code":"SUCCESS","sign":"BFDCE462F78FE0DF96305325D9778C65","time_end":"20180705163048","total_fee":"1","trade_type":"JSAPI","transaction_id":"4200000139201807056050747799"}
[2018-07-05 16:31:22][debug] transaction_id:{}
[2018-07-05 16:31:22][debug] query:{"appid":"wx16b93c7ce7fa04b7","attach":"admin","bank_type":"CFT","cash_fee":"1","fee_type":"CNY","is_subscribe":"Y","mch_id":"1495734452","nonce_str":"2hxImmgXOWJguzgK","openid":"ox6IP1nToWIzfRaevqy5tgbBZ4fc","out_trade_no":"149573445220180705163040","result_code":"SUCCESS","return_code":"SUCCESS","return_msg":"OK","sign":"EACB40E27D48A441A86FBC999475CF6F","time_end":"20180705163048","total_fee":"1","trade_state":"SUCCESS","trade_state_desc":"\u652f\u4ed8\u6210\u529f","trade_type":"JSAPI","transaction_id":"4200000139201807056050747799"}
[2018-07-05 16:31:22][debug] call back admin code:
[2018-07-05 16:31:22][debug] call back admin flag OK 
[2018-07-05 16:31:53][debug] begin notify
[2018-07-05 16:31:53][debug] call back:{"appid":"wx16b93c7ce7fa04b7","attach":"admin","bank_type":"CFT","cash_fee":"1","fee_type":"CNY","is_subscribe":"Y","mch_id":"1495734452","nonce_str":"kvj6pg825cl00ru165u5pwvsfymukama","openid":"ox6IP1nToWIzfRaevqy5tgbBZ4fc","out_trade_no":"149573445220180705163040","result_code":"SUCCESS","return_code":"SUCCESS","sign":"BFDCE462F78FE0DF96305325D9778C65","time_end":"20180705163048","total_fee":"1","trade_type":"JSAPI","transaction_id":"4200000139201807056050747799"}
[2018-07-05 16:31:53][debug] transaction_id:{}
[2018-07-05 16:31:53][debug] query:{"appid":"wx16b93c7ce7fa04b7","attach":"admin","bank_type":"CFT","cash_fee":"1","fee_type":"CNY","is_subscribe":"Y","mch_id":"1495734452","nonce_str":"e4eEmiZ4MKls5zHG","openid":"ox6IP1nToWIzfRaevqy5tgbBZ4fc","out_trade_no":"149573445220180705163040","result_code":"SUCCESS","return_code":"SUCCESS","return_msg":"OK","sign":"59B29E25DE106D58E394C72427813510","time_end":"20180705163048","total_fee":"1","trade_state":"SUCCESS","trade_state_desc":"\u652f\u4ed8\u6210\u529f","trade_type":"JSAPI","transaction_id":"4200000139201807056050747799"}
[2018-07-05 16:31:53][debug] call back admin code:
[2018-07-05 16:31:53][debug] call back admin flag OK 
[2018-07-05 16:34:54][debug] begin notify
[2018-07-05 16:34:54][debug] call back:{"appid":"wx16b93c7ce7fa04b7","attach":"admin","bank_type":"CFT","cash_fee":"1","fee_type":"CNY","is_subscribe":"Y","mch_id":"1495734452","nonce_str":"kvj6pg825cl00ru165u5pwvsfymukama","openid":"ox6IP1nToWIzfRaevqy5tgbBZ4fc","out_trade_no":"149573445220180705163040","result_code":"SUCCESS","return_code":"SUCCESS","sign":"BFDCE462F78FE0DF96305325D9778C65","time_end":"20180705163048","total_fee":"1","trade_type":"JSAPI","transaction_id":"4200000139201807056050747799"}
[2018-07-05 16:34:54][debug] transaction_id:{}
[2018-07-05 16:34:55][debug] query:{"appid":"wx16b93c7ce7fa04b7","attach":"admin","bank_type":"CFT","cash_fee":"1","fee_type":"CNY","is_subscribe":"Y","mch_id":"1495734452","nonce_str":"HmNK0Q4EiQdHl9lS","openid":"ox6IP1nToWIzfRaevqy5tgbBZ4fc","out_trade_no":"149573445220180705163040","result_code":"SUCCESS","return_code":"SUCCESS","return_msg":"OK","sign":"B9576FF2352270FEA8F5134ABBD4D24D","time_end":"20180705163048","total_fee":"1","trade_state":"SUCCESS","trade_state_desc":"\u652f\u4ed8\u6210\u529f","trade_type":"JSAPI","transaction_id":"4200000139201807056050747799"}
[2018-07-05 16:34:55][debug] call back admin code:
[2018-07-05 16:34:55][debug] call back admin flag OK 
[2018-07-05 16:44:45][debug] begin notify
[2018-07-05 16:44:45][debug] call back:{"appid":"wx16b93c7ce7fa04b7","attach":"admin","bank_type":"CFT","cash_fee":"1","fee_type":"CNY","is_subscribe":"Y","mch_id":"1495734452","nonce_str":"2hpvfz9kux6hhwbxutwgvzcogkq8hdf4","openid":"ox6IP1nToWIzfRaevqy5tgbBZ4fc","out_trade_no":"149573445220180705164439","result_code":"SUCCESS","return_code":"SUCCESS","sign":"813DC33E9B4B1180D403DD9A867749D3","time_end":"20180705164445","total_fee":"1","trade_type":"JSAPI","transaction_id":"4200000156201807055852367684"}
[2018-07-05 16:44:45][debug] transaction_id:{}
[2018-07-05 16:44:46][debug] query:{"appid":"wx16b93c7ce7fa04b7","attach":"admin","bank_type":"CFT","cash_fee":"1","fee_type":"CNY","is_subscribe":"Y","mch_id":"1495734452","nonce_str":"cwDUBATXSzCE0YGA","openid":"ox6IP1nToWIzfRaevqy5tgbBZ4fc","out_trade_no":"149573445220180705164439","result_code":"SUCCESS","return_code":"SUCCESS","return_msg":"OK","sign":"7B2E8A1DE9EF4FCCD18B7FF39325C6E0","time_end":"20180705164445","total_fee":"1","trade_state":"SUCCESS","trade_state_desc":"\u652f\u4ed8\u6210\u529f","trade_type":"JSAPI","transaction_id":"4200000156201807055852367684"}
[2018-07-05 16:45:01][debug] begin notify
[2018-07-05 16:45:01][debug] call back:{"appid":"wx16b93c7ce7fa04b7","attach":"admin","bank_type":"CFT","cash_fee":"1","fee_type":"CNY","is_subscribe":"Y","mch_id":"1495734452","nonce_str":"2hpvfz9kux6hhwbxutwgvzcogkq8hdf4","openid":"ox6IP1nToWIzfRaevqy5tgbBZ4fc","out_trade_no":"149573445220180705164439","result_code":"SUCCESS","return_code":"SUCCESS","sign":"813DC33E9B4B1180D403DD9A867749D3","time_end":"20180705164445","total_fee":"1","trade_type":"JSAPI","transaction_id":"4200000156201807055852367684"}
[2018-07-05 16:45:01][debug] transaction_id:{}
[2018-07-05 16:45:02][debug] query:{"appid":"wx16b93c7ce7fa04b7","attach":"admin","bank_type":"CFT","cash_fee":"1","fee_type":"CNY","is_subscribe":"Y","mch_id":"1495734452","nonce_str":"kxsOYrpAJTMYqWAn","openid":"ox6IP1nToWIzfRaevqy5tgbBZ4fc","out_trade_no":"149573445220180705164439","result_code":"SUCCESS","return_code":"SUCCESS","return_msg":"OK","sign":"9F39EA4B9E3D55BE52578A78B2097756","time_end":"20180705164445","total_fee":"1","trade_state":"SUCCESS","trade_state_desc":"\u652f\u4ed8\u6210\u529f","trade_type":"JSAPI","transaction_id":"4200000156201807055852367684"}
[2018-07-05 16:45:18][debug] begin notify
[2018-07-05 16:45:18][debug] call back:{"appid":"wx16b93c7ce7fa04b7","attach":"admin","bank_type":"CFT","cash_fee":"1","fee_type":"CNY","is_subscribe":"Y","mch_id":"1495734452","nonce_str":"2hpvfz9kux6hhwbxutwgvzcogkq8hdf4","openid":"ox6IP1nToWIzfRaevqy5tgbBZ4fc","out_trade_no":"149573445220180705164439","result_code":"SUCCESS","return_code":"SUCCESS","sign":"813DC33E9B4B1180D403DD9A867749D3","time_end":"20180705164445","total_fee":"1","trade_type":"JSAPI","transaction_id":"4200000156201807055852367684"}
[2018-07-05 16:45:18][debug] transaction_id:{}
[2018-07-05 16:45:18][debug] query:{"appid":"wx16b93c7ce7fa04b7","attach":"admin","bank_type":"CFT","cash_fee":"1","fee_type":"CNY","is_subscribe":"Y","mch_id":"1495734452","nonce_str":"hZoQCBXM15JJXGOZ","openid":"ox6IP1nToWIzfRaevqy5tgbBZ4fc","out_trade_no":"149573445220180705164439","result_code":"SUCCESS","return_code":"SUCCESS","return_msg":"OK","sign":"D4791B7EEB6FA7F6D97A444EF339D23F","time_end":"20180705164445","total_fee":"1","trade_state":"SUCCESS","trade_state_desc":"\u652f\u4ed8\u6210\u529f","trade_type":"JSAPI","transaction_id":"4200000156201807055852367684"}
[2018-07-05 16:45:49][debug] begin notify
[2018-07-05 16:45:49][debug] call back:{"appid":"wx16b93c7ce7fa04b7","attach":"admin","bank_type":"CFT","cash_fee":"1","fee_type":"CNY","is_subscribe":"Y","mch_id":"1495734452","nonce_str":"2hpvfz9kux6hhwbxutwgvzcogkq8hdf4","openid":"ox6IP1nToWIzfRaevqy5tgbBZ4fc","out_trade_no":"149573445220180705164439","result_code":"SUCCESS","return_code":"SUCCESS","sign":"813DC33E9B4B1180D403DD9A867749D3","time_end":"20180705164445","total_fee":"1","trade_type":"JSAPI","transaction_id":"4200000156201807055852367684"}
[2018-07-05 16:45:49][debug] transaction_id:{}
[2018-07-05 16:45:49][debug] query:{"appid":"wx16b93c7ce7fa04b7","attach":"admin","bank_type":"CFT","cash_fee":"1","fee_type":"CNY","is_subscribe":"Y","mch_id":"1495734452","nonce_str":"XSb5IwE2RY1hUTUr","openid":"ox6IP1nToWIzfRaevqy5tgbBZ4fc","out_trade_no":"149573445220180705164439","result_code":"SUCCESS","return_code":"SUCCESS","return_msg":"OK","sign":"7FF65ED1898B75941F6C8E7AD43363AF","time_end":"20180705164445","total_fee":"1","trade_state":"SUCCESS","trade_state_desc":"\u652f\u4ed8\u6210\u529f","trade_type":"JSAPI","transaction_id":"4200000156201807055852367684"}
[2018-07-05 16:45:52][debug] begin notify
[2018-07-05 16:45:52][debug] call back:{"appid":"wx16b93c7ce7fa04b7","attach":"admin","bank_type":"CFT","cash_fee":"1","fee_type":"CNY","is_subscribe":"Y","mch_id":"1495734452","nonce_str":"o4b5vij2s3rmte5bhkvwqus6hy6v2815","openid":"ox6IP1nToWIzfRaevqy5tgbBZ4fc","out_trade_no":"149573445220180705164535","result_code":"SUCCESS","return_code":"SUCCESS","sign":"2F6566C563BF4C796860DE2B1DF384EC","time_end":"20180705164551","total_fee":"1","trade_type":"JSAPI","transaction_id":"4200000146201807059363388791"}
[2018-07-05 16:45:52][debug] transaction_id:{}
[2018-07-05 16:45:53][debug] query:{"appid":"wx16b93c7ce7fa04b7","attach":"admin","bank_type":"CFT","cash_fee":"1","fee_type":"CNY","is_subscribe":"Y","mch_id":"1495734452","nonce_str":"mz7BpG2lP9eAWqXf","openid":"ox6IP1nToWIzfRaevqy5tgbBZ4fc","out_trade_no":"149573445220180705164535","result_code":"SUCCESS","return_code":"SUCCESS","return_msg":"OK","sign":"B0D64FFD060703E518087D3800CC2E14","time_end":"20180705164552","total_fee":"1","trade_state":"SUCCESS","trade_state_desc":"\u652f\u4ed8\u6210\u529f","trade_type":"JSAPI","transaction_id":"4200000146201807059363388791"}
[2018-07-05 16:46:08][debug] begin notify
[2018-07-05 16:46:08][debug] call back:{"appid":"wx16b93c7ce7fa04b7","attach":"admin","bank_type":"CFT","cash_fee":"1","fee_type":"CNY","is_subscribe":"Y","mch_id":"1495734452","nonce_str":"o4b5vij2s3rmte5bhkvwqus6hy6v2815","openid":"ox6IP1nToWIzfRaevqy5tgbBZ4fc","out_trade_no":"149573445220180705164535","result_code":"SUCCESS","return_code":"SUCCESS","sign":"2F6566C563BF4C796860DE2B1DF384EC","time_end":"20180705164551","total_fee":"1","trade_type":"JSAPI","transaction_id":"4200000146201807059363388791"}
[2018-07-05 16:46:08][debug] transaction_id:{}
[2018-07-05 16:46:08][debug] query:{"appid":"wx16b93c7ce7fa04b7","attach":"admin","bank_type":"CFT","cash_fee":"1","fee_type":"CNY","is_subscribe":"Y","mch_id":"1495734452","nonce_str":"YkbOGSRpEFBAikd9","openid":"ox6IP1nToWIzfRaevqy5tgbBZ4fc","out_trade_no":"149573445220180705164535","result_code":"SUCCESS","return_code":"SUCCESS","return_msg":"OK","sign":"5AFF6592B44433946DB234AD703F036F","time_end":"20180705164552","total_fee":"1","trade_state":"SUCCESS","trade_state_desc":"\u652f\u4ed8\u6210\u529f","trade_type":"JSAPI","transaction_id":"4200000146201807059363388791"}
[2018-07-05 16:46:24][debug] begin notify
[2018-07-05 16:46:24][debug] call back:{"appid":"wx16b93c7ce7fa04b7","attach":"admin","bank_type":"CFT","cash_fee":"1","fee_type":"CNY","is_subscribe":"Y","mch_id":"1495734452","nonce_str":"o4b5vij2s3rmte5bhkvwqus6hy6v2815","openid":"ox6IP1nToWIzfRaevqy5tgbBZ4fc","out_trade_no":"149573445220180705164535","result_code":"SUCCESS","return_code":"SUCCESS","sign":"2F6566C563BF4C796860DE2B1DF384EC","time_end":"20180705164551","total_fee":"1","trade_type":"JSAPI","transaction_id":"4200000146201807059363388791"}
[2018-07-05 16:46:24][debug] transaction_id:{}
[2018-07-05 16:46:24][debug] query:{"appid":"wx16b93c7ce7fa04b7","attach":"admin","bank_type":"CFT","cash_fee":"1","fee_type":"CNY","is_subscribe":"Y","mch_id":"1495734452","nonce_str":"3aasMvAcRjuBwZ9j","openid":"ox6IP1nToWIzfRaevqy5tgbBZ4fc","out_trade_no":"149573445220180705164535","result_code":"SUCCESS","return_code":"SUCCESS","return_msg":"OK","sign":"7E25DB8FA6D0006EA24E0342B24AA7CC","time_end":"20180705164552","total_fee":"1","trade_state":"SUCCESS","trade_state_desc":"\u652f\u4ed8\u6210\u529f","trade_type":"JSAPI","transaction_id":"4200000146201807059363388791"}
[2018-07-05 16:46:55][debug] begin notify
[2018-07-05 16:46:55][debug] call back:{"appid":"wx16b93c7ce7fa04b7","attach":"admin","bank_type":"CFT","cash_fee":"1","fee_type":"CNY","is_subscribe":"Y","mch_id":"1495734452","nonce_str":"o4b5vij2s3rmte5bhkvwqus6hy6v2815","openid":"ox6IP1nToWIzfRaevqy5tgbBZ4fc","out_trade_no":"149573445220180705164535","result_code":"SUCCESS","return_code":"SUCCESS","sign":"2F6566C563BF4C796860DE2B1DF384EC","time_end":"20180705164551","total_fee":"1","trade_type":"JSAPI","transaction_id":"4200000146201807059363388791"}
[2018-07-05 16:46:55][debug] transaction_id:{}
[2018-07-05 16:46:55][debug] query:{"appid":"wx16b93c7ce7fa04b7","attach":"admin","bank_type":"CFT","cash_fee":"1","fee_type":"CNY","is_subscribe":"Y","mch_id":"1495734452","nonce_str":"bg2IWNAhaRKeHYqz","openid":"ox6IP1nToWIzfRaevqy5tgbBZ4fc","out_trade_no":"149573445220180705164535","result_code":"SUCCESS","return_code":"SUCCESS","return_msg":"OK","sign":"363651362B9E22E0F467AF5A577460FF","time_end":"20180705164552","total_fee":"1","trade_state":"SUCCESS","trade_state_desc":"\u652f\u4ed8\u6210\u529f","trade_type":"JSAPI","transaction_id":"4200000146201807059363388791"}
[2018-07-05 16:48:49][debug] begin notify
[2018-07-05 16:48:49][debug] call back:{"appid":"wx16b93c7ce7fa04b7","attach":"admin","bank_type":"CFT","cash_fee":"1","fee_type":"CNY","is_subscribe":"Y","mch_id":"1495734452","nonce_str":"2hpvfz9kux6hhwbxutwgvzcogkq8hdf4","openid":"ox6IP1nToWIzfRaevqy5tgbBZ4fc","out_trade_no":"149573445220180705164439","result_code":"SUCCESS","return_code":"SUCCESS","sign":"813DC33E9B4B1180D403DD9A867749D3","time_end":"20180705164445","total_fee":"1","trade_type":"JSAPI","transaction_id":"4200000156201807055852367684"}
[2018-07-05 16:48:49][debug] transaction_id:{}
[2018-07-05 16:48:50][debug] query:{"appid":"wx16b93c7ce7fa04b7","attach":"admin","bank_type":"CFT","cash_fee":"1","fee_type":"CNY","is_subscribe":"Y","mch_id":"1495734452","nonce_str":"RgU3QliXCFVfahRZ","openid":"ox6IP1nToWIzfRaevqy5tgbBZ4fc","out_trade_no":"149573445220180705164439","result_code":"SUCCESS","return_code":"SUCCESS","return_msg":"OK","sign":"CC779A0A8903E544103E9B92CF201A97","time_end":"20180705164445","total_fee":"1","trade_state":"SUCCESS","trade_state_desc":"\u652f\u4ed8\u6210\u529f","trade_type":"JSAPI","transaction_id":"4200000156201807055852367684"}
[2018-07-05 16:49:56][debug] begin notify
[2018-07-05 16:49:56][debug] call back:{"appid":"wx16b93c7ce7fa04b7","attach":"admin","bank_type":"CFT","cash_fee":"1","fee_type":"CNY","is_subscribe":"Y","mch_id":"1495734452","nonce_str":"o4b5vij2s3rmte5bhkvwqus6hy6v2815","openid":"ox6IP1nToWIzfRaevqy5tgbBZ4fc","out_trade_no":"149573445220180705164535","result_code":"SUCCESS","return_code":"SUCCESS","sign":"2F6566C563BF4C796860DE2B1DF384EC","time_end":"20180705164551","total_fee":"1","trade_type":"JSAPI","transaction_id":"4200000146201807059363388791"}
[2018-07-05 16:49:56][debug] transaction_id:{}
[2018-07-05 16:49:56][debug] query:{"appid":"wx16b93c7ce7fa04b7","attach":"admin","bank_type":"CFT","cash_fee":"1","fee_type":"CNY","is_subscribe":"Y","mch_id":"1495734452","nonce_str":"4xYQsbzsoNZGDLz7","openid":"ox6IP1nToWIzfRaevqy5tgbBZ4fc","out_trade_no":"149573445220180705164535","result_code":"SUCCESS","return_code":"SUCCESS","return_msg":"OK","sign":"5382FBBFF7B24B4B9DB5CEAE0E33C718","time_end":"20180705164552","total_fee":"1","trade_state":"SUCCESS","trade_state_desc":"\u652f\u4ed8\u6210\u529f","trade_type":"JSAPI","transaction_id":"4200000146201807059363388791"}
[2018-07-05 16:54:56][debug] begin notify
[2018-07-05 16:54:56][debug] call back:{"appid":"wx16b93c7ce7fa04b7","attach":"game","bank_type":"CFT","cash_fee":"1","fee_type":"CNY","is_subscribe":"Y","mch_id":"1495734452","nonce_str":"0i97etgy8rimhb9ytxho65yksp1cklii","openid":"ox6IP1nToWIzfRaevqy5tgbBZ4fc","out_trade_no":"149573445220180705152035","result_code":"SUCCESS","return_code":"SUCCESS","sign":"8EA29DC96A620B402558A0876FD0E072","time_end":"20180705152048","total_fee":"1","trade_type":"JSAPI","transaction_id":"4200000144201807058135695381"}
[2018-07-05 16:54:56][debug] transaction_id:{}
[2018-07-05 16:54:57][debug] query:{"appid":"wx16b93c7ce7fa04b7","attach":"game","bank_type":"CFT","cash_fee":"1","fee_type":"CNY","is_subscribe":"Y","mch_id":"1495734452","nonce_str":"oa0Hy42NsG9VAB98","openid":"ox6IP1nToWIzfRaevqy5tgbBZ4fc","out_trade_no":"149573445220180705152035","result_code":"SUCCESS","return_code":"SUCCESS","return_msg":"OK","sign":"0F8CDDD4B0926C51D8988F50D0A06E3F","time_end":"20180705152048","total_fee":"1","trade_state":"SUCCESS","trade_state_desc":"\u652f\u4ed8\u6210\u529f","trade_type":"JSAPI","transaction_id":"4200000144201807058135695381"}
[2018-07-05 16:58:36][debug] begin notify
[2018-07-05 16:58:36][debug] call back:{"appid":"wx16b93c7ce7fa04b7","attach":"admin","bank_type":"CFT","cash_fee":"1","fee_type":"CNY","is_subscribe":"Y","mch_id":"1495734452","nonce_str":"sf9tvtuyq00z33h2ak6jydvmyrpk55gm","openid":"ox6IP1nToWIzfRaevqy5tgbBZ4fc","out_trade_no":"149573445220180705155417","result_code":"SUCCESS","return_code":"SUCCESS","sign":"A28C87A180D9FCA2DF16388765481108","time_end":"20180705155430","total_fee":"1","trade_type":"JSAPI","transaction_id":"4200000151201807059287919581"}
[2018-07-05 16:58:36][debug] transaction_id:{}
[2018-07-05 16:58:37][debug] query:{"appid":"wx16b93c7ce7fa04b7","attach":"admin","bank_type":"CFT","cash_fee":"1","fee_type":"CNY","is_subscribe":"Y","mch_id":"1495734452","nonce_str":"9tuHHn6KPqKhaExK","openid":"ox6IP1nToWIzfRaevqy5tgbBZ4fc","out_trade_no":"149573445220180705155417","result_code":"SUCCESS","return_code":"SUCCESS","return_msg":"OK","sign":"33DB36923171A8207EF023E4EF433C81","time_end":"20180705155431","total_fee":"1","trade_state":"SUCCESS","trade_state_desc":"\u652f\u4ed8\u6210\u529f","trade_type":"JSAPI","transaction_id":"4200000151201807059287919581"}
[2018-07-05 16:59:33][debug] begin notify
[2018-07-05 16:59:33][debug] call back:{"appid":"wx16b93c7ce7fa04b7","attach":"admin","bank_type":"CFT","cash_fee":"1","fee_type":"CNY","is_subscribe":"Y","mch_id":"1495734452","nonce_str":"jurkq1ucgcc5hqglq72s29q8t7bgtyy5","openid":"ox6IP1nToWIzfRaevqy5tgbBZ4fc","out_trade_no":"149573445220180705152516","result_code":"SUCCESS","return_code":"SUCCESS","sign":"2A9FD760AFEE1EC597928B9E7C4958B9","time_end":"20180705152525","total_fee":"1","trade_type":"JSAPI","transaction_id":"4200000153201807055218308364"}
[2018-07-05 16:59:33][debug] transaction_id:{}
[2018-07-05 16:59:33][debug] query:{"appid":"wx16b93c7ce7fa04b7","attach":"admin","bank_type":"CFT","cash_fee":"1","fee_type":"CNY","is_subscribe":"Y","mch_id":"1495734452","nonce_str":"S6PjycLPIHnnrBge","openid":"ox6IP1nToWIzfRaevqy5tgbBZ4fc","out_trade_no":"149573445220180705152516","result_code":"SUCCESS","return_code":"SUCCESS","return_msg":"OK","sign":"D5C0676C536CFC8D3D8D392395B962BD","time_end":"20180705152525","total_fee":"1","trade_state":"SUCCESS","trade_state_desc":"\u652f\u4ed8\u6210\u529f","trade_type":"JSAPI","transaction_id":"4200000153201807055218308364"}
[2018-07-05 16:59:36][debug] begin notify
[2018-07-05 16:59:36][debug] call back:{"appid":"wx16b93c7ce7fa04b7","attach":"admin","bank_type":"CFT","cash_fee":"1","fee_type":"CNY","is_subscribe":"Y","mch_id":"1495734452","nonce_str":"hqrs7k5gefix9n37234maq32n2jse07x","openid":"ox6IP1nToWIzfRaevqy5tgbBZ4fc","out_trade_no":"149573445220180705162525","result_code":"SUCCESS","return_code":"SUCCESS","sign":"9AEE3F4E656C1E4110AF4DAA9DB53E0C","time_end":"20180705162530","total_fee":"1","trade_type":"JSAPI","transaction_id":"4200000146201807059598290434"}
[2018-07-05 16:59:36][debug] transaction_id:{}
[2018-07-05 16:59:36][debug] query:{"appid":"wx16b93c7ce7fa04b7","attach":"admin","bank_type":"CFT","cash_fee":"1","fee_type":"CNY","is_subscribe":"Y","mch_id":"1495734452","nonce_str":"HEi4XZ5Cet4LaEfU","openid":"ox6IP1nToWIzfRaevqy5tgbBZ4fc","out_trade_no":"149573445220180705162525","result_code":"SUCCESS","return_code":"SUCCESS","return_msg":"OK","sign":"FEB0F956854753852ED8D0668D5376A0","time_end":"20180705162530","total_fee":"1","trade_state":"SUCCESS","trade_state_desc":"\u652f\u4ed8\u6210\u529f","trade_type":"JSAPI","transaction_id":"4200000146201807059598290434"}
[2018-07-05 17:00:48][debug] begin notify
[2018-07-05 17:00:48][debug] call back:{"appid":"wx16b93c7ce7fa04b7","attach":"admin","bank_type":"CFT","cash_fee":"1","fee_type":"CNY","is_subscribe":"Y","mch_id":"1495734452","nonce_str":"5gfcog5w00pq7m0fi472ikh24aekrdvh","openid":"ox6IP1nToWIzfRaevqy5tgbBZ4fc","out_trade_no":"149573445220180705155632","result_code":"SUCCESS","return_code":"SUCCESS","sign":"9B4C271078F11F78F6D012D5B4350586","time_end":"20180705155643","total_fee":"1","trade_type":"JSAPI","transaction_id":"4200000153201807056000489120"}
[2018-07-05 17:00:48][debug] transaction_id:{}
[2018-07-05 17:00:49][debug] query:{"appid":"wx16b93c7ce7fa04b7","attach":"admin","bank_type":"CFT","cash_fee":"1","fee_type":"CNY","is_subscribe":"Y","mch_id":"1495734452","nonce_str":"IHWKvQif0LppU1lP","openid":"ox6IP1nToWIzfRaevqy5tgbBZ4fc","out_trade_no":"149573445220180705155632","result_code":"SUCCESS","return_code":"SUCCESS","return_msg":"OK","sign":"FC559C73226E251314966F8C319D5FB5","time_end":"20180705155643","total_fee":"1","trade_state":"SUCCESS","trade_state_desc":"\u652f\u4ed8\u6210\u529f","trade_type":"JSAPI","transaction_id":"4200000153201807056000489120"}
[2018-07-05 17:04:56][debug] begin notify
[2018-07-05 17:04:56][debug] call back:{"appid":"wx16b93c7ce7fa04b7","attach":"admin","bank_type":"CFT","cash_fee":"1","fee_type":"CNY","is_subscribe":"Y","mch_id":"1495734452","nonce_str":"kvj6pg825cl00ru165u5pwvsfymukama","openid":"ox6IP1nToWIzfRaevqy5tgbBZ4fc","out_trade_no":"149573445220180705163040","result_code":"SUCCESS","return_code":"SUCCESS","sign":"BFDCE462F78FE0DF96305325D9778C65","time_end":"20180705163048","total_fee":"1","trade_type":"JSAPI","transaction_id":"4200000139201807056050747799"}
[2018-07-05 17:04:56][debug] transaction_id:{}
[2018-07-05 17:04:57][debug] query:{"appid":"wx16b93c7ce7fa04b7","attach":"admin","bank_type":"CFT","cash_fee":"1","fee_type":"CNY","is_subscribe":"Y","mch_id":"1495734452","nonce_str":"zOaC69XpknZlPW3s","openid":"ox6IP1nToWIzfRaevqy5tgbBZ4fc","out_trade_no":"149573445220180705163040","result_code":"SUCCESS","return_code":"SUCCESS","return_msg":"OK","sign":"FF057F4A5D5F1203660B6CD12E96224C","time_end":"20180705163048","total_fee":"1","trade_state":"SUCCESS","trade_state_desc":"\u652f\u4ed8\u6210\u529f","trade_type":"JSAPI","transaction_id":"4200000139201807056050747799"}
[2018-07-05 17:18:51][debug] begin notify
[2018-07-05 17:18:51][debug] call back:{"appid":"wx16b93c7ce7fa04b7","attach":"admin","bank_type":"CFT","cash_fee":"1","fee_type":"CNY","is_subscribe":"Y","mch_id":"1495734452","nonce_str":"2hpvfz9kux6hhwbxutwgvzcogkq8hdf4","openid":"ox6IP1nToWIzfRaevqy5tgbBZ4fc","out_trade_no":"149573445220180705164439","result_code":"SUCCESS","return_code":"SUCCESS","sign":"813DC33E9B4B1180D403DD9A867749D3","time_end":"20180705164445","total_fee":"1","trade_type":"JSAPI","transaction_id":"4200000156201807055852367684"}
[2018-07-05 17:18:51][debug] transaction_id:{}
[2018-07-05 17:18:51][debug] query:{"appid":"wx16b93c7ce7fa04b7","attach":"admin","bank_type":"CFT","cash_fee":"1","fee_type":"CNY","is_subscribe":"Y","mch_id":"1495734452","nonce_str":"L88xaxrwYBDoGyo5","openid":"ox6IP1nToWIzfRaevqy5tgbBZ4fc","out_trade_no":"149573445220180705164439","result_code":"SUCCESS","return_code":"SUCCESS","return_msg":"OK","sign":"CFC8EFCE8B9D4543A32E5BCE677F8450","time_end":"20180705164445","total_fee":"1","trade_state":"SUCCESS","trade_state_desc":"\u652f\u4ed8\u6210\u529f","trade_type":"JSAPI","transaction_id":"4200000156201807055852367684"}
[2018-07-05 17:19:57][debug] begin notify
[2018-07-05 17:19:57][debug] call back:{"appid":"wx16b93c7ce7fa04b7","attach":"admin","bank_type":"CFT","cash_fee":"1","fee_type":"CNY","is_subscribe":"Y","mch_id":"1495734452","nonce_str":"o4b5vij2s3rmte5bhkvwqus6hy6v2815","openid":"ox6IP1nToWIzfRaevqy5tgbBZ4fc","out_trade_no":"149573445220180705164535","result_code":"SUCCESS","return_code":"SUCCESS","sign":"2F6566C563BF4C796860DE2B1DF384EC","time_end":"20180705164551","total_fee":"1","trade_type":"JSAPI","transaction_id":"4200000146201807059363388791"}
[2018-07-05 17:19:57][debug] transaction_id:{}
[2018-07-05 17:19:57][debug] query:{"appid":"wx16b93c7ce7fa04b7","attach":"admin","bank_type":"CFT","cash_fee":"1","fee_type":"CNY","is_subscribe":"Y","mch_id":"1495734452","nonce_str":"ohi8G5AttS7uSfr1","openid":"ox6IP1nToWIzfRaevqy5tgbBZ4fc","out_trade_no":"149573445220180705164535","result_code":"SUCCESS","return_code":"SUCCESS","return_msg":"OK","sign":"28B04183D7A4699B8184C7DF1CF61E6C","time_end":"20180705164552","total_fee":"1","trade_state":"SUCCESS","trade_state_desc":"\u652f\u4ed8\u6210\u529f","trade_type":"JSAPI","transaction_id":"4200000146201807059363388791"}
[2018-07-05 17:24:58][debug] begin notify
[2018-07-05 17:24:58][debug] call back:{"appid":"wx16b93c7ce7fa04b7","attach":"game","bank_type":"CFT","cash_fee":"1","fee_type":"CNY","is_subscribe":"Y","mch_id":"1495734452","nonce_str":"0i97etgy8rimhb9ytxho65yksp1cklii","openid":"ox6IP1nToWIzfRaevqy5tgbBZ4fc","out_trade_no":"149573445220180705152035","result_code":"SUCCESS","return_code":"SUCCESS","sign":"8EA29DC96A620B402558A0876FD0E072","time_end":"20180705152048","total_fee":"1","trade_type":"JSAPI","transaction_id":"4200000144201807058135695381"}
[2018-07-05 17:24:58][debug] transaction_id:{}
[2018-07-05 17:24:59][debug] query:{"appid":"wx16b93c7ce7fa04b7","attach":"game","bank_type":"CFT","cash_fee":"1","fee_type":"CNY","is_subscribe":"Y","mch_id":"1495734452","nonce_str":"wqklt9kitc8OKj0O","openid":"ox6IP1nToWIzfRaevqy5tgbBZ4fc","out_trade_no":"149573445220180705152035","result_code":"SUCCESS","return_code":"SUCCESS","return_msg":"OK","sign":"5A269B8164D5F9FE4D36734AAA190166","time_end":"20180705152048","total_fee":"1","trade_state":"SUCCESS","trade_state_desc":"\u652f\u4ed8\u6210\u529f","trade_type":"JSAPI","transaction_id":"4200000144201807058135695381"}
[2018-07-05 17:28:38][debug] begin notify
[2018-07-05 17:28:38][debug] call back:{"appid":"wx16b93c7ce7fa04b7","attach":"admin","bank_type":"CFT","cash_fee":"1","fee_type":"CNY","is_subscribe":"Y","mch_id":"1495734452","nonce_str":"sf9tvtuyq00z33h2ak6jydvmyrpk55gm","openid":"ox6IP1nToWIzfRaevqy5tgbBZ4fc","out_trade_no":"149573445220180705155417","result_code":"SUCCESS","return_code":"SUCCESS","sign":"A28C87A180D9FCA2DF16388765481108","time_end":"20180705155430","total_fee":"1","trade_type":"JSAPI","transaction_id":"4200000151201807059287919581"}
[2018-07-05 17:28:38][debug] transaction_id:{}
[2018-07-05 17:28:38][debug] query:{"appid":"wx16b93c7ce7fa04b7","attach":"admin","bank_type":"CFT","cash_fee":"1","fee_type":"CNY","is_subscribe":"Y","mch_id":"1495734452","nonce_str":"4633n1xrKWLZBSmq","openid":"ox6IP1nToWIzfRaevqy5tgbBZ4fc","out_trade_no":"149573445220180705155417","result_code":"SUCCESS","return_code":"SUCCESS","return_msg":"OK","sign":"0DF66EB43C5FA6613E5715F8B257E662","time_end":"20180705155431","total_fee":"1","trade_state":"SUCCESS","trade_state_desc":"\u652f\u4ed8\u6210\u529f","trade_type":"JSAPI","transaction_id":"4200000151201807059287919581"}
[2018-07-05 17:29:35][debug] begin notify
[2018-07-05 17:29:35][debug] call back:{"appid":"wx16b93c7ce7fa04b7","attach":"admin","bank_type":"CFT","cash_fee":"1","fee_type":"CNY","is_subscribe":"Y","mch_id":"1495734452","nonce_str":"jurkq1ucgcc5hqglq72s29q8t7bgtyy5","openid":"ox6IP1nToWIzfRaevqy5tgbBZ4fc","out_trade_no":"149573445220180705152516","result_code":"SUCCESS","return_code":"SUCCESS","sign":"2A9FD760AFEE1EC597928B9E7C4958B9","time_end":"20180705152525","total_fee":"1","trade_type":"JSAPI","transaction_id":"4200000153201807055218308364"}
[2018-07-05 17:29:35][debug] transaction_id:{}
[2018-07-05 17:29:35][debug] query:{"appid":"wx16b93c7ce7fa04b7","attach":"admin","bank_type":"CFT","cash_fee":"1","fee_type":"CNY","is_subscribe":"Y","mch_id":"1495734452","nonce_str":"TMdWjEuLrQxMJdgE","openid":"ox6IP1nToWIzfRaevqy5tgbBZ4fc","out_trade_no":"149573445220180705152516","result_code":"SUCCESS","return_code":"SUCCESS","return_msg":"OK","sign":"E32025E6EA8C8BCFF1C816F6E1A93A9D","time_end":"20180705152525","total_fee":"1","trade_state":"SUCCESS","trade_state_desc":"\u652f\u4ed8\u6210\u529f","trade_type":"JSAPI","transaction_id":"4200000153201807055218308364"}
[2018-07-05 17:29:37][debug] begin notify
[2018-07-05 17:29:37][debug] call back:{"appid":"wx16b93c7ce7fa04b7","attach":"admin","bank_type":"CFT","cash_fee":"1","fee_type":"CNY","is_subscribe":"Y","mch_id":"1495734452","nonce_str":"hqrs7k5gefix9n37234maq32n2jse07x","openid":"ox6IP1nToWIzfRaevqy5tgbBZ4fc","out_trade_no":"149573445220180705162525","result_code":"SUCCESS","return_code":"SUCCESS","sign":"9AEE3F4E656C1E4110AF4DAA9DB53E0C","time_end":"20180705162530","total_fee":"1","trade_type":"JSAPI","transaction_id":"4200000146201807059598290434"}
[2018-07-05 17:29:37][debug] transaction_id:{}
[2018-07-05 17:29:37][debug] query:{"appid":"wx16b93c7ce7fa04b7","attach":"admin","bank_type":"CFT","cash_fee":"1","fee_type":"CNY","is_subscribe":"Y","mch_id":"1495734452","nonce_str":"2azpZwmUytsIwsx9","openid":"ox6IP1nToWIzfRaevqy5tgbBZ4fc","out_trade_no":"149573445220180705162525","result_code":"SUCCESS","return_code":"SUCCESS","return_msg":"OK","sign":"6CB524194A3E38BD3836F44550248268","time_end":"20180705162530","total_fee":"1","trade_state":"SUCCESS","trade_state_desc":"\u652f\u4ed8\u6210\u529f","trade_type":"JSAPI","transaction_id":"4200000146201807059598290434"}
[2018-07-05 17:30:50][debug] begin notify
[2018-07-05 17:30:50][debug] call back:{"appid":"wx16b93c7ce7fa04b7","attach":"admin","bank_type":"CFT","cash_fee":"1","fee_type":"CNY","is_subscribe":"Y","mch_id":"1495734452","nonce_str":"5gfcog5w00pq7m0fi472ikh24aekrdvh","openid":"ox6IP1nToWIzfRaevqy5tgbBZ4fc","out_trade_no":"149573445220180705155632","result_code":"SUCCESS","return_code":"SUCCESS","sign":"9B4C271078F11F78F6D012D5B4350586","time_end":"20180705155643","total_fee":"1","trade_type":"JSAPI","transaction_id":"4200000153201807056000489120"}
[2018-07-05 17:30:50][debug] transaction_id:{}
[2018-07-05 17:30:50][debug] query:{"appid":"wx16b93c7ce7fa04b7","attach":"admin","bank_type":"CFT","cash_fee":"1","fee_type":"CNY","is_subscribe":"Y","mch_id":"1495734452","nonce_str":"M6TP21zUDX5PnlCC","openid":"ox6IP1nToWIzfRaevqy5tgbBZ4fc","out_trade_no":"149573445220180705155632","result_code":"SUCCESS","return_code":"SUCCESS","return_msg":"OK","sign":"ADF8DCE5041E966B7930E449C69BB172","time_end":"20180705155643","total_fee":"1","trade_state":"SUCCESS","trade_state_desc":"\u652f\u4ed8\u6210\u529f","trade_type":"JSAPI","transaction_id":"4200000153201807056000489120"}
[2018-07-05 17:30:54][debug] begin notify
[2018-07-05 17:30:54][debug] call back:{"appid":"wx16b93c7ce7fa04b7","attach":"game","bank_type":"CFT","cash_fee":"1","fee_type":"CNY","is_subscribe":"Y","mch_id":"1495734452","nonce_str":"gcead0oyysjdfojbywiehqelhv7q21c1","openid":"ox6IP1nToWIzfRaevqy5tgbBZ4fc","out_trade_no":"149573445220180705172755","result_code":"SUCCESS","return_code":"SUCCESS","sign":"6ADD0B8BCDBEF0CF208B56F74ADBE124","time_end":"20180705173052","total_fee":"1","trade_type":"JSAPI","transaction_id":"4200000156201807054105168148"}
[2018-07-05 17:30:54][debug] transaction_id:{}
[2018-07-05 17:30:54][debug] query:{"appid":"wx16b93c7ce7fa04b7","attach":"game","bank_type":"CFT","cash_fee":"1","fee_type":"CNY","is_subscribe":"Y","mch_id":"1495734452","nonce_str":"OaS8VT9KBolhG04x","openid":"ox6IP1nToWIzfRaevqy5tgbBZ4fc","out_trade_no":"149573445220180705172755","result_code":"SUCCESS","return_code":"SUCCESS","return_msg":"OK","sign":"F6042B630F25C79B8D64BE978301D049","time_end":"20180705173052","total_fee":"1","trade_state":"SUCCESS","trade_state_desc":"\u652f\u4ed8\u6210\u529f","trade_type":"JSAPI","transaction_id":"4200000156201807054105168148"}
[2018-07-05 17:31:10][debug] begin notify
[2018-07-05 17:31:10][debug] call back:{"appid":"wx16b93c7ce7fa04b7","attach":"game","bank_type":"CFT","cash_fee":"1","fee_type":"CNY","is_subscribe":"Y","mch_id":"1495734452","nonce_str":"gcead0oyysjdfojbywiehqelhv7q21c1","openid":"ox6IP1nToWIzfRaevqy5tgbBZ4fc","out_trade_no":"149573445220180705172755","result_code":"SUCCESS","return_code":"SUCCESS","sign":"6ADD0B8BCDBEF0CF208B56F74ADBE124","time_end":"20180705173052","total_fee":"1","trade_type":"JSAPI","transaction_id":"4200000156201807054105168148"}
[2018-07-05 17:31:10][debug] transaction_id:{}
[2018-07-05 17:31:10][debug] query:{"appid":"wx16b93c7ce7fa04b7","attach":"game","bank_type":"CFT","cash_fee":"1","fee_type":"CNY","is_subscribe":"Y","mch_id":"1495734452","nonce_str":"mq8dniVkwhmDHOnS","openid":"ox6IP1nToWIzfRaevqy5tgbBZ4fc","out_trade_no":"149573445220180705172755","result_code":"SUCCESS","return_code":"SUCCESS","return_msg":"OK","sign":"85B7FC7B98F68A7CDE1E020CE20E0CC6","time_end":"20180705173052","total_fee":"1","trade_state":"SUCCESS","trade_state_desc":"\u652f\u4ed8\u6210\u529f","trade_type":"JSAPI","transaction_id":"4200000156201807054105168148"}
[2018-07-05 17:31:26][debug] begin notify
[2018-07-05 17:31:26][debug] call back:{"appid":"wx16b93c7ce7fa04b7","attach":"game","bank_type":"CFT","cash_fee":"1","fee_type":"CNY","is_subscribe":"Y","mch_id":"1495734452","nonce_str":"gcead0oyysjdfojbywiehqelhv7q21c1","openid":"ox6IP1nToWIzfRaevqy5tgbBZ4fc","out_trade_no":"149573445220180705172755","result_code":"SUCCESS","return_code":"SUCCESS","sign":"6ADD0B8BCDBEF0CF208B56F74ADBE124","time_end":"20180705173052","total_fee":"1","trade_type":"JSAPI","transaction_id":"4200000156201807054105168148"}
[2018-07-05 17:31:26][debug] transaction_id:{}
[2018-07-05 17:31:26][debug] query:{"appid":"wx16b93c7ce7fa04b7","attach":"game","bank_type":"CFT","cash_fee":"1","fee_type":"CNY","is_subscribe":"Y","mch_id":"1495734452","nonce_str":"P3jD89KLjwfpZdmk","openid":"ox6IP1nToWIzfRaevqy5tgbBZ4fc","out_trade_no":"149573445220180705172755","result_code":"SUCCESS","return_code":"SUCCESS","return_msg":"OK","sign":"224E3E2873A9DD2418B8B44E5EFE9669","time_end":"20180705173052","total_fee":"1","trade_state":"SUCCESS","trade_state_desc":"\u652f\u4ed8\u6210\u529f","trade_type":"JSAPI","transaction_id":"4200000156201807054105168148"}
[2018-07-05 17:31:57][debug] begin notify
[2018-07-05 17:31:57][debug] call back:{"appid":"wx16b93c7ce7fa04b7","attach":"game","bank_type":"CFT","cash_fee":"1","fee_type":"CNY","is_subscribe":"Y","mch_id":"1495734452","nonce_str":"gcead0oyysjdfojbywiehqelhv7q21c1","openid":"ox6IP1nToWIzfRaevqy5tgbBZ4fc","out_trade_no":"149573445220180705172755","result_code":"SUCCESS","return_code":"SUCCESS","sign":"6ADD0B8BCDBEF0CF208B56F74ADBE124","time_end":"20180705173052","total_fee":"1","trade_type":"JSAPI","transaction_id":"4200000156201807054105168148"}
[2018-07-05 17:31:57][debug] transaction_id:{}
[2018-07-05 17:31:57][debug] query:{"appid":"wx16b93c7ce7fa04b7","attach":"game","bank_type":"CFT","cash_fee":"1","fee_type":"CNY","is_subscribe":"Y","mch_id":"1495734452","nonce_str":"Cro8yFu8Up9jgQhG","openid":"ox6IP1nToWIzfRaevqy5tgbBZ4fc","out_trade_no":"149573445220180705172755","result_code":"SUCCESS","return_code":"SUCCESS","return_msg":"OK","sign":"F1AD9FB3E858212F84631B1483C75EE7","time_end":"20180705173052","total_fee":"1","trade_state":"SUCCESS","trade_state_desc":"\u652f\u4ed8\u6210\u529f","trade_type":"JSAPI","transaction_id":"4200000156201807054105168148"}
[2018-07-05 17:34:58][debug] begin notify
[2018-07-05 17:34:58][debug] call back:{"appid":"wx16b93c7ce7fa04b7","attach":"admin","bank_type":"CFT","cash_fee":"1","fee_type":"CNY","is_subscribe":"Y","mch_id":"1495734452","nonce_str":"kvj6pg825cl00ru165u5pwvsfymukama","openid":"ox6IP1nToWIzfRaevqy5tgbBZ4fc","out_trade_no":"149573445220180705163040","result_code":"SUCCESS","return_code":"SUCCESS","sign":"BFDCE462F78FE0DF96305325D9778C65","time_end":"20180705163048","total_fee":"1","trade_type":"JSAPI","transaction_id":"4200000139201807056050747799"}
[2018-07-05 17:34:58][debug] transaction_id:{}
[2018-07-05 17:34:58][debug] query:{"appid":"wx16b93c7ce7fa04b7","attach":"admin","bank_type":"CFT","cash_fee":"1","fee_type":"CNY","is_subscribe":"Y","mch_id":"1495734452","nonce_str":"QKxmxeVdgYQcRgVT","openid":"ox6IP1nToWIzfRaevqy5tgbBZ4fc","out_trade_no":"149573445220180705163040","result_code":"SUCCESS","return_code":"SUCCESS","return_msg":"OK","sign":"3676F6262737056318A43BB106BCD2D3","time_end":"20180705163048","total_fee":"1","trade_state":"SUCCESS","trade_state_desc":"\u652f\u4ed8\u6210\u529f","trade_type":"JSAPI","transaction_id":"4200000139201807056050747799"}
[2018-07-05 17:34:59][debug] begin notify
[2018-07-05 17:34:59][debug] call back:{"appid":"wx16b93c7ce7fa04b7","attach":"game","bank_type":"CFT","cash_fee":"1","fee_type":"CNY","is_subscribe":"Y","mch_id":"1495734452","nonce_str":"gcead0oyysjdfojbywiehqelhv7q21c1","openid":"ox6IP1nToWIzfRaevqy5tgbBZ4fc","out_trade_no":"149573445220180705172755","result_code":"SUCCESS","return_code":"SUCCESS","sign":"6ADD0B8BCDBEF0CF208B56F74ADBE124","time_end":"20180705173052","total_fee":"1","trade_type":"JSAPI","transaction_id":"4200000156201807054105168148"}
[2018-07-05 17:34:59][debug] transaction_id:{}
[2018-07-05 17:34:59][debug] query:{"appid":"wx16b93c7ce7fa04b7","attach":"game","bank_type":"CFT","cash_fee":"1","fee_type":"CNY","is_subscribe":"Y","mch_id":"1495734452","nonce_str":"WF4xHzCDzu19xXLT","openid":"ox6IP1nToWIzfRaevqy5tgbBZ4fc","out_trade_no":"149573445220180705172755","result_code":"SUCCESS","return_code":"SUCCESS","return_msg":"OK","sign":"DA0DB12CA6565385F4739D62812AC396","time_end":"20180705173052","total_fee":"1","trade_state":"SUCCESS","trade_state_desc":"\u652f\u4ed8\u6210\u529f","trade_type":"JSAPI","transaction_id":"4200000156201807054105168148"}
[2018-07-05 17:48:52][debug] begin notify
[2018-07-05 17:48:52][debug] call back:{"appid":"wx16b93c7ce7fa04b7","attach":"admin","bank_type":"CFT","cash_fee":"1","fee_type":"CNY","is_subscribe":"Y","mch_id":"1495734452","nonce_str":"2hpvfz9kux6hhwbxutwgvzcogkq8hdf4","openid":"ox6IP1nToWIzfRaevqy5tgbBZ4fc","out_trade_no":"149573445220180705164439","result_code":"SUCCESS","return_code":"SUCCESS","sign":"813DC33E9B4B1180D403DD9A867749D3","time_end":"20180705164445","total_fee":"1","trade_type":"JSAPI","transaction_id":"4200000156201807055852367684"}
[2018-07-05 17:48:52][debug] transaction_id:{}
[2018-07-05 17:48:52][debug] query:{"appid":"wx16b93c7ce7fa04b7","attach":"admin","bank_type":"CFT","cash_fee":"1","fee_type":"CNY","is_subscribe":"Y","mch_id":"1495734452","nonce_str":"UlDwhJLFq7ZwIqFP","openid":"ox6IP1nToWIzfRaevqy5tgbBZ4fc","out_trade_no":"149573445220180705164439","result_code":"SUCCESS","return_code":"SUCCESS","return_msg":"OK","sign":"DD56AD2BF853281571D9C2D89CD15AAC","time_end":"20180705164445","total_fee":"1","trade_state":"SUCCESS","trade_state_desc":"\u652f\u4ed8\u6210\u529f","trade_type":"JSAPI","transaction_id":"4200000156201807055852367684"}
[2018-07-05 17:49:59][debug] begin notify
[2018-07-05 17:49:59][debug] call back:{"appid":"wx16b93c7ce7fa04b7","attach":"admin","bank_type":"CFT","cash_fee":"1","fee_type":"CNY","is_subscribe":"Y","mch_id":"1495734452","nonce_str":"o4b5vij2s3rmte5bhkvwqus6hy6v2815","openid":"ox6IP1nToWIzfRaevqy5tgbBZ4fc","out_trade_no":"149573445220180705164535","result_code":"SUCCESS","return_code":"SUCCESS","sign":"2F6566C563BF4C796860DE2B1DF384EC","time_end":"20180705164551","total_fee":"1","trade_type":"JSAPI","transaction_id":"4200000146201807059363388791"}
[2018-07-05 17:49:59][debug] transaction_id:{}
[2018-07-05 17:50:00][debug] query:{"appid":"wx16b93c7ce7fa04b7","attach":"admin","bank_type":"CFT","cash_fee":"1","fee_type":"CNY","is_subscribe":"Y","mch_id":"1495734452","nonce_str":"fMnKdD5QJUhNcaDd","openid":"ox6IP1nToWIzfRaevqy5tgbBZ4fc","out_trade_no":"149573445220180705164535","result_code":"SUCCESS","return_code":"SUCCESS","return_msg":"OK","sign":"BAA35DEB9C58F65AB19A128C08D05A0A","time_end":"20180705164552","total_fee":"1","trade_state":"SUCCESS","trade_state_desc":"\u652f\u4ed8\u6210\u529f","trade_type":"JSAPI","transaction_id":"4200000146201807059363388791"}
[2018-07-05 17:58:40][debug] begin notify
[2018-07-05 17:58:40][debug] call back:{"appid":"wx16b93c7ce7fa04b7","attach":"admin","bank_type":"CFT","cash_fee":"1","fee_type":"CNY","is_subscribe":"Y","mch_id":"1495734452","nonce_str":"sf9tvtuyq00z33h2ak6jydvmyrpk55gm","openid":"ox6IP1nToWIzfRaevqy5tgbBZ4fc","out_trade_no":"149573445220180705155417","result_code":"SUCCESS","return_code":"SUCCESS","sign":"A28C87A180D9FCA2DF16388765481108","time_end":"20180705155430","total_fee":"1","trade_type":"JSAPI","transaction_id":"4200000151201807059287919581"}
[2018-07-05 17:58:40][debug] transaction_id:{}
[2018-07-05 17:58:40][debug] query:{"appid":"wx16b93c7ce7fa04b7","attach":"admin","bank_type":"CFT","cash_fee":"1","fee_type":"CNY","is_subscribe":"Y","mch_id":"1495734452","nonce_str":"18p5yuKCeMbNIr8B","openid":"ox6IP1nToWIzfRaevqy5tgbBZ4fc","out_trade_no":"149573445220180705155417","result_code":"SUCCESS","return_code":"SUCCESS","return_msg":"OK","sign":"252763954891585AB2A96F63B8F82082","time_end":"20180705155431","total_fee":"1","trade_state":"SUCCESS","trade_state_desc":"\u652f\u4ed8\u6210\u529f","trade_type":"JSAPI","transaction_id":"4200000151201807059287919581"}
[2018-07-05 17:59:39][debug] begin notify
[2018-07-05 17:59:39][debug] call back:{"appid":"wx16b93c7ce7fa04b7","attach":"admin","bank_type":"CFT","cash_fee":"1","fee_type":"CNY","is_subscribe":"Y","mch_id":"1495734452","nonce_str":"hqrs7k5gefix9n37234maq32n2jse07x","openid":"ox6IP1nToWIzfRaevqy5tgbBZ4fc","out_trade_no":"149573445220180705162525","result_code":"SUCCESS","return_code":"SUCCESS","sign":"9AEE3F4E656C1E4110AF4DAA9DB53E0C","time_end":"20180705162530","total_fee":"1","trade_type":"JSAPI","transaction_id":"4200000146201807059598290434"}
[2018-07-05 17:59:39][debug] transaction_id:{}
[2018-07-05 17:59:39][debug] query:{"appid":"wx16b93c7ce7fa04b7","attach":"admin","bank_type":"CFT","cash_fee":"1","fee_type":"CNY","is_subscribe":"Y","mch_id":"1495734452","nonce_str":"dIQ1dYd7JlzeMPaP","openid":"ox6IP1nToWIzfRaevqy5tgbBZ4fc","out_trade_no":"149573445220180705162525","result_code":"SUCCESS","return_code":"SUCCESS","return_msg":"OK","sign":"8B338E2619A3F56F5124D7E302FA4ADE","time_end":"20180705162530","total_fee":"1","trade_state":"SUCCESS","trade_state_desc":"\u652f\u4ed8\u6210\u529f","trade_type":"JSAPI","transaction_id":"4200000146201807059598290434"}
[2018-07-05 18:00:52][debug] begin notify
[2018-07-05 18:00:52][debug] call back:{"appid":"wx16b93c7ce7fa04b7","attach":"admin","bank_type":"CFT","cash_fee":"1","fee_type":"CNY","is_subscribe":"Y","mch_id":"1495734452","nonce_str":"5gfcog5w00pq7m0fi472ikh24aekrdvh","openid":"ox6IP1nToWIzfRaevqy5tgbBZ4fc","out_trade_no":"149573445220180705155632","result_code":"SUCCESS","return_code":"SUCCESS","sign":"9B4C271078F11F78F6D012D5B4350586","time_end":"20180705155643","total_fee":"1","trade_type":"JSAPI","transaction_id":"4200000153201807056000489120"}
[2018-07-05 18:00:52][debug] transaction_id:{}
[2018-07-05 18:00:52][debug] query:{"appid":"wx16b93c7ce7fa04b7","attach":"admin","bank_type":"CFT","cash_fee":"1","fee_type":"CNY","is_subscribe":"Y","mch_id":"1495734452","nonce_str":"uyaY5oo4u596nAy0","openid":"ox6IP1nToWIzfRaevqy5tgbBZ4fc","out_trade_no":"149573445220180705155632","result_code":"SUCCESS","return_code":"SUCCESS","return_msg":"OK","sign":"9C5F0960D53E9738A82AE3E9A89C880A","time_end":"20180705155643","total_fee":"1","trade_state":"SUCCESS","trade_state_desc":"\u652f\u4ed8\u6210\u529f","trade_type":"JSAPI","transaction_id":"4200000153201807056000489120"}
[2018-07-05 18:05:00][debug] begin notify
[2018-07-05 18:05:00][debug] call back:{"appid":"wx16b93c7ce7fa04b7","attach":"admin","bank_type":"CFT","cash_fee":"1","fee_type":"CNY","is_subscribe":"Y","mch_id":"1495734452","nonce_str":"kvj6pg825cl00ru165u5pwvsfymukama","openid":"ox6IP1nToWIzfRaevqy5tgbBZ4fc","out_trade_no":"149573445220180705163040","result_code":"SUCCESS","return_code":"SUCCESS","sign":"BFDCE462F78FE0DF96305325D9778C65","time_end":"20180705163048","total_fee":"1","trade_type":"JSAPI","transaction_id":"4200000139201807056050747799"}
[2018-07-05 18:05:00][debug] transaction_id:{}
[2018-07-05 18:05:00][debug] query:{"appid":"wx16b93c7ce7fa04b7","attach":"admin","bank_type":"CFT","cash_fee":"1","fee_type":"CNY","is_subscribe":"Y","mch_id":"1495734452","nonce_str":"EJtCBlt0dzobkvkp","openid":"ox6IP1nToWIzfRaevqy5tgbBZ4fc","out_trade_no":"149573445220180705163040","result_code":"SUCCESS","return_code":"SUCCESS","return_msg":"OK","sign":"6C06325C51267A109381663AFC48BF70","time_end":"20180705163048","total_fee":"1","trade_state":"SUCCESS","trade_state_desc":"\u652f\u4ed8\u6210\u529f","trade_type":"JSAPI","transaction_id":"4200000139201807056050747799"}
[2018-07-05 18:05:01][debug] begin notify
[2018-07-05 18:05:01][debug] call back:{"appid":"wx16b93c7ce7fa04b7","attach":"game","bank_type":"CFT","cash_fee":"1","fee_type":"CNY","is_subscribe":"Y","mch_id":"1495734452","nonce_str":"gcead0oyysjdfojbywiehqelhv7q21c1","openid":"ox6IP1nToWIzfRaevqy5tgbBZ4fc","out_trade_no":"149573445220180705172755","result_code":"SUCCESS","return_code":"SUCCESS","sign":"6ADD0B8BCDBEF0CF208B56F74ADBE124","time_end":"20180705173052","total_fee":"1","trade_type":"JSAPI","transaction_id":"4200000156201807054105168148"}
[2018-07-05 18:05:01][debug] transaction_id:{}
[2018-07-05 18:05:01][debug] query:{"appid":"wx16b93c7ce7fa04b7","attach":"game","bank_type":"CFT","cash_fee":"1","fee_type":"CNY","is_subscribe":"Y","mch_id":"1495734452","nonce_str":"YqdMPMcQ2F1XhPFH","openid":"ox6IP1nToWIzfRaevqy5tgbBZ4fc","out_trade_no":"149573445220180705172755","result_code":"SUCCESS","return_code":"SUCCESS","return_msg":"OK","sign":"B4B7DF75807DB257B6B97C287BB41B3A","time_end":"20180705173052","total_fee":"1","trade_state":"SUCCESS","trade_state_desc":"\u652f\u4ed8\u6210\u529f","trade_type":"JSAPI","transaction_id":"4200000156201807054105168148"}
[2018-07-05 18:18:54][debug] begin notify
[2018-07-05 18:18:54][debug] call back:{"appid":"wx16b93c7ce7fa04b7","attach":"admin","bank_type":"CFT","cash_fee":"1","fee_type":"CNY","is_subscribe":"Y","mch_id":"1495734452","nonce_str":"2hpvfz9kux6hhwbxutwgvzcogkq8hdf4","openid":"ox6IP1nToWIzfRaevqy5tgbBZ4fc","out_trade_no":"149573445220180705164439","result_code":"SUCCESS","return_code":"SUCCESS","sign":"813DC33E9B4B1180D403DD9A867749D3","time_end":"20180705164445","total_fee":"1","trade_type":"JSAPI","transaction_id":"4200000156201807055852367684"}
[2018-07-05 18:18:54][debug] transaction_id:{}
[2018-07-05 18:18:54][debug] query:{"appid":"wx16b93c7ce7fa04b7","attach":"admin","bank_type":"CFT","cash_fee":"1","fee_type":"CNY","is_subscribe":"Y","mch_id":"1495734452","nonce_str":"n4AEbSknUgEnS5QK","openid":"ox6IP1nToWIzfRaevqy5tgbBZ4fc","out_trade_no":"149573445220180705164439","result_code":"SUCCESS","return_code":"SUCCESS","return_msg":"OK","sign":"923667F6087761419778057301C02EB1","time_end":"20180705164445","total_fee":"1","trade_state":"SUCCESS","trade_state_desc":"\u652f\u4ed8\u6210\u529f","trade_type":"JSAPI","transaction_id":"4200000156201807055852367684"}
[2018-07-05 18:20:01][debug] begin notify
[2018-07-05 18:20:01][debug] call back:{"appid":"wx16b93c7ce7fa04b7","attach":"admin","bank_type":"CFT","cash_fee":"1","fee_type":"CNY","is_subscribe":"Y","mch_id":"1495734452","nonce_str":"o4b5vij2s3rmte5bhkvwqus6hy6v2815","openid":"ox6IP1nToWIzfRaevqy5tgbBZ4fc","out_trade_no":"149573445220180705164535","result_code":"SUCCESS","return_code":"SUCCESS","sign":"2F6566C563BF4C796860DE2B1DF384EC","time_end":"20180705164551","total_fee":"1","trade_type":"JSAPI","transaction_id":"4200000146201807059363388791"}
[2018-07-05 18:20:01][debug] transaction_id:{}
[2018-07-05 18:20:02][debug] query:{"appid":"wx16b93c7ce7fa04b7","attach":"admin","bank_type":"CFT","cash_fee":"1","fee_type":"CNY","is_subscribe":"Y","mch_id":"1495734452","nonce_str":"s54WCZ461SCu0hM5","openid":"ox6IP1nToWIzfRaevqy5tgbBZ4fc","out_trade_no":"149573445220180705164535","result_code":"SUCCESS","return_code":"SUCCESS","return_msg":"OK","sign":"3E7E9A08FBEC49F761A486D283D95963","time_end":"20180705164552","total_fee":"1","trade_state":"SUCCESS","trade_state_desc":"\u652f\u4ed8\u6210\u529f","trade_type":"JSAPI","transaction_id":"4200000146201807059363388791"}
[2018-07-05 18:25:00][debug] begin notify
[2018-07-05 18:25:00][debug] call back:{"appid":"wx16b93c7ce7fa04b7","attach":"game","bank_type":"CFT","cash_fee":"1","fee_type":"CNY","is_subscribe":"Y","mch_id":"1495734452","nonce_str":"0i97etgy8rimhb9ytxho65yksp1cklii","openid":"ox6IP1nToWIzfRaevqy5tgbBZ4fc","out_trade_no":"149573445220180705152035","result_code":"SUCCESS","return_code":"SUCCESS","sign":"8EA29DC96A620B402558A0876FD0E072","time_end":"20180705152048","total_fee":"1","trade_type":"JSAPI","transaction_id":"4200000144201807058135695381"}
[2018-07-05 18:25:00][debug] transaction_id:{}
[2018-07-05 18:25:00][debug] query:{"appid":"wx16b93c7ce7fa04b7","attach":"game","bank_type":"CFT","cash_fee":"1","fee_type":"CNY","is_subscribe":"Y","mch_id":"1495734452","nonce_str":"10mnAmmzjsticE6E","openid":"ox6IP1nToWIzfRaevqy5tgbBZ4fc","out_trade_no":"149573445220180705152035","result_code":"SUCCESS","return_code":"SUCCESS","return_msg":"OK","sign":"32B6FE51BBC1BD76479CF3C7E0A402C3","time_end":"20180705152048","total_fee":"1","trade_state":"SUCCESS","trade_state_desc":"\u652f\u4ed8\u6210\u529f","trade_type":"JSAPI","transaction_id":"4200000144201807058135695381"}
[2018-07-05 18:29:37][debug] begin notify
[2018-07-05 18:29:37][debug] call back:{"appid":"wx16b93c7ce7fa04b7","attach":"admin","bank_type":"CFT","cash_fee":"1","fee_type":"CNY","is_subscribe":"Y","mch_id":"1495734452","nonce_str":"jurkq1ucgcc5hqglq72s29q8t7bgtyy5","openid":"ox6IP1nToWIzfRaevqy5tgbBZ4fc","out_trade_no":"149573445220180705152516","result_code":"SUCCESS","return_code":"SUCCESS","sign":"2A9FD760AFEE1EC597928B9E7C4958B9","time_end":"20180705152525","total_fee":"1","trade_type":"JSAPI","transaction_id":"4200000153201807055218308364"}
[2018-07-05 18:29:37][debug] transaction_id:{}
[2018-07-05 18:29:37][debug] query:{"appid":"wx16b93c7ce7fa04b7","attach":"admin","bank_type":"CFT","cash_fee":"1","fee_type":"CNY","is_subscribe":"Y","mch_id":"1495734452","nonce_str":"TBkh5q0IyKIK39Z8","openid":"ox6IP1nToWIzfRaevqy5tgbBZ4fc","out_trade_no":"149573445220180705152516","result_code":"SUCCESS","return_code":"SUCCESS","return_msg":"OK","sign":"F92EE9DE3A2757F7D5CCB9431507E0C5","time_end":"20180705152525","total_fee":"1","trade_state":"SUCCESS","trade_state_desc":"\u652f\u4ed8\u6210\u529f","trade_type":"JSAPI","transaction_id":"4200000153201807055218308364"}
[2018-07-05 18:29:41][debug] begin notify
[2018-07-05 18:29:41][debug] call back:{"appid":"wx16b93c7ce7fa04b7","attach":"admin","bank_type":"CFT","cash_fee":"1","fee_type":"CNY","is_subscribe":"Y","mch_id":"1495734452","nonce_str":"hqrs7k5gefix9n37234maq32n2jse07x","openid":"ox6IP1nToWIzfRaevqy5tgbBZ4fc","out_trade_no":"149573445220180705162525","result_code":"SUCCESS","return_code":"SUCCESS","sign":"9AEE3F4E656C1E4110AF4DAA9DB53E0C","time_end":"20180705162530","total_fee":"1","trade_type":"JSAPI","transaction_id":"4200000146201807059598290434"}
[2018-07-05 18:29:41][debug] transaction_id:{}
[2018-07-05 18:29:41][debug] query:{"appid":"wx16b93c7ce7fa04b7","attach":"admin","bank_type":"CFT","cash_fee":"1","fee_type":"CNY","is_subscribe":"Y","mch_id":"1495734452","nonce_str":"xCIfNMNAFhD6FAmp","openid":"ox6IP1nToWIzfRaevqy5tgbBZ4fc","out_trade_no":"149573445220180705162525","result_code":"SUCCESS","return_code":"SUCCESS","return_msg":"OK","sign":"4C445699D6247A48863E196F54513B3B","time_end":"20180705162530","total_fee":"1","trade_state":"SUCCESS","trade_state_desc":"\u652f\u4ed8\u6210\u529f","trade_type":"JSAPI","transaction_id":"4200000146201807059598290434"}
[2018-07-05 18:35:02][debug] begin notify
[2018-07-05 18:35:02][debug] call back:{"appid":"wx16b93c7ce7fa04b7","attach":"admin","bank_type":"CFT","cash_fee":"1","fee_type":"CNY","is_subscribe":"Y","mch_id":"1495734452","nonce_str":"kvj6pg825cl00ru165u5pwvsfymukama","openid":"ox6IP1nToWIzfRaevqy5tgbBZ4fc","out_trade_no":"149573445220180705163040","result_code":"SUCCESS","return_code":"SUCCESS","sign":"BFDCE462F78FE0DF96305325D9778C65","time_end":"20180705163048","total_fee":"1","trade_type":"JSAPI","transaction_id":"4200000139201807056050747799"}
[2018-07-05 18:35:02][debug] transaction_id:{}
[2018-07-05 18:35:02][debug] query:{"appid":"wx16b93c7ce7fa04b7","attach":"admin","bank_type":"CFT","cash_fee":"1","fee_type":"CNY","is_subscribe":"Y","mch_id":"1495734452","nonce_str":"Q5e6Lr5XfG9gUxqY","openid":"ox6IP1nToWIzfRaevqy5tgbBZ4fc","out_trade_no":"149573445220180705163040","result_code":"SUCCESS","return_code":"SUCCESS","return_msg":"OK","sign":"E7F75E6DD5448ACAAABC6B9DC0A82908","time_end":"20180705163048","total_fee":"1","trade_state":"SUCCESS","trade_state_desc":"\u652f\u4ed8\u6210\u529f","trade_type":"JSAPI","transaction_id":"4200000139201807056050747799"}
[2018-07-05 18:35:03][debug] begin notify
[2018-07-05 18:35:03][debug] call back:{"appid":"wx16b93c7ce7fa04b7","attach":"game","bank_type":"CFT","cash_fee":"1","fee_type":"CNY","is_subscribe":"Y","mch_id":"1495734452","nonce_str":"gcead0oyysjdfojbywiehqelhv7q21c1","openid":"ox6IP1nToWIzfRaevqy5tgbBZ4fc","out_trade_no":"149573445220180705172755","result_code":"SUCCESS","return_code":"SUCCESS","sign":"6ADD0B8BCDBEF0CF208B56F74ADBE124","time_end":"20180705173052","total_fee":"1","trade_type":"JSAPI","transaction_id":"4200000156201807054105168148"}
[2018-07-05 18:35:03][debug] transaction_id:{}
[2018-07-05 18:35:03][debug] query:{"appid":"wx16b93c7ce7fa04b7","attach":"game","bank_type":"CFT","cash_fee":"1","fee_type":"CNY","is_subscribe":"Y","mch_id":"1495734452","nonce_str":"dXtntubHPG5f2ivu","openid":"ox6IP1nToWIzfRaevqy5tgbBZ4fc","out_trade_no":"149573445220180705172755","result_code":"SUCCESS","return_code":"SUCCESS","return_msg":"OK","sign":"DC3F82B3B7076768074A1C8F7AD1F44B","time_end":"20180705173052","total_fee":"1","trade_state":"SUCCESS","trade_state_desc":"\u652f\u4ed8\u6210\u529f","trade_type":"JSAPI","transaction_id":"4200000156201807054105168148"}
[2018-07-05 18:48:56][debug] begin notify
[2018-07-05 18:48:56][debug] call back:{"appid":"wx16b93c7ce7fa04b7","attach":"admin","bank_type":"CFT","cash_fee":"1","fee_type":"CNY","is_subscribe":"Y","mch_id":"1495734452","nonce_str":"2hpvfz9kux6hhwbxutwgvzcogkq8hdf4","openid":"ox6IP1nToWIzfRaevqy5tgbBZ4fc","out_trade_no":"149573445220180705164439","result_code":"SUCCESS","return_code":"SUCCESS","sign":"813DC33E9B4B1180D403DD9A867749D3","time_end":"20180705164445","total_fee":"1","trade_type":"JSAPI","transaction_id":"4200000156201807055852367684"}
[2018-07-05 18:48:56][debug] transaction_id:{}
[2018-07-05 18:48:56][debug] query:{"appid":"wx16b93c7ce7fa04b7","attach":"admin","bank_type":"CFT","cash_fee":"1","fee_type":"CNY","is_subscribe":"Y","mch_id":"1495734452","nonce_str":"xIovo05saZRLFtJg","openid":"ox6IP1nToWIzfRaevqy5tgbBZ4fc","out_trade_no":"149573445220180705164439","result_code":"SUCCESS","return_code":"SUCCESS","return_msg":"OK","sign":"CAD8743CBE32E209C92F3D84F0242D29","time_end":"20180705164445","total_fee":"1","trade_state":"SUCCESS","trade_state_desc":"\u652f\u4ed8\u6210\u529f","trade_type":"JSAPI","transaction_id":"4200000156201807055852367684"}
[2018-07-05 18:50:03][debug] begin notify
[2018-07-05 18:50:03][debug] call back:{"appid":"wx16b93c7ce7fa04b7","attach":"admin","bank_type":"CFT","cash_fee":"1","fee_type":"CNY","is_subscribe":"Y","mch_id":"1495734452","nonce_str":"o4b5vij2s3rmte5bhkvwqus6hy6v2815","openid":"ox6IP1nToWIzfRaevqy5tgbBZ4fc","out_trade_no":"149573445220180705164535","result_code":"SUCCESS","return_code":"SUCCESS","sign":"2F6566C563BF4C796860DE2B1DF384EC","time_end":"20180705164551","total_fee":"1","trade_type":"JSAPI","transaction_id":"4200000146201807059363388791"}
[2018-07-05 18:50:03][debug] transaction_id:{}
[2018-07-05 18:50:04][debug] query:{"appid":"wx16b93c7ce7fa04b7","attach":"admin","bank_type":"CFT","cash_fee":"1","fee_type":"CNY","is_subscribe":"Y","mch_id":"1495734452","nonce_str":"fbqDSkd6PJ94T6fM","openid":"ox6IP1nToWIzfRaevqy5tgbBZ4fc","out_trade_no":"149573445220180705164535","result_code":"SUCCESS","return_code":"SUCCESS","return_msg":"OK","sign":"57569A01AE90D999E52D634639F458B8","time_end":"20180705164552","total_fee":"1","trade_state":"SUCCESS","trade_state_desc":"\u652f\u4ed8\u6210\u529f","trade_type":"JSAPI","transaction_id":"4200000146201807059363388791"}
[2018-07-05 18:58:42][debug] begin notify
[2018-07-05 18:58:42][debug] call back:{"appid":"wx16b93c7ce7fa04b7","attach":"admin","bank_type":"CFT","cash_fee":"1","fee_type":"CNY","is_subscribe":"Y","mch_id":"1495734452","nonce_str":"sf9tvtuyq00z33h2ak6jydvmyrpk55gm","openid":"ox6IP1nToWIzfRaevqy5tgbBZ4fc","out_trade_no":"149573445220180705155417","result_code":"SUCCESS","return_code":"SUCCESS","sign":"A28C87A180D9FCA2DF16388765481108","time_end":"20180705155430","total_fee":"1","trade_type":"JSAPI","transaction_id":"4200000151201807059287919581"}
[2018-07-05 18:58:42][debug] transaction_id:{}
[2018-07-05 18:58:42][debug] query:{"appid":"wx16b93c7ce7fa04b7","attach":"admin","bank_type":"CFT","cash_fee":"1","fee_type":"CNY","is_subscribe":"Y","mch_id":"1495734452","nonce_str":"qIlyr4M1HEHo8A68","openid":"ox6IP1nToWIzfRaevqy5tgbBZ4fc","out_trade_no":"149573445220180705155417","result_code":"SUCCESS","return_code":"SUCCESS","return_msg":"OK","sign":"91BCEB1EF8D2A33B99EA626BCC3334B4","time_end":"20180705155431","total_fee":"1","trade_state":"SUCCESS","trade_state_desc":"\u652f\u4ed8\u6210\u529f","trade_type":"JSAPI","transaction_id":"4200000151201807059287919581"}
[2018-07-05 19:00:54][debug] begin notify
[2018-07-05 19:00:54][debug] call back:{"appid":"wx16b93c7ce7fa04b7","attach":"admin","bank_type":"CFT","cash_fee":"1","fee_type":"CNY","is_subscribe":"Y","mch_id":"1495734452","nonce_str":"5gfcog5w00pq7m0fi472ikh24aekrdvh","openid":"ox6IP1nToWIzfRaevqy5tgbBZ4fc","out_trade_no":"149573445220180705155632","result_code":"SUCCESS","return_code":"SUCCESS","sign":"9B4C271078F11F78F6D012D5B4350586","time_end":"20180705155643","total_fee":"1","trade_type":"JSAPI","transaction_id":"4200000153201807056000489120"}
[2018-07-05 19:00:54][debug] transaction_id:{}
[2018-07-05 19:00:54][debug] query:{"appid":"wx16b93c7ce7fa04b7","attach":"admin","bank_type":"CFT","cash_fee":"1","fee_type":"CNY","is_subscribe":"Y","mch_id":"1495734452","nonce_str":"KkUGOJMPt8Iu75II","openid":"ox6IP1nToWIzfRaevqy5tgbBZ4fc","out_trade_no":"149573445220180705155632","result_code":"SUCCESS","return_code":"SUCCESS","return_msg":"OK","sign":"BF4A1A44CB23D0CA814A5C4661B30DF7","time_end":"20180705155643","total_fee":"1","trade_state":"SUCCESS","trade_state_desc":"\u652f\u4ed8\u6210\u529f","trade_type":"JSAPI","transaction_id":"4200000153201807056000489120"}
[2018-07-05 19:05:05][debug] begin notify
[2018-07-05 19:05:05][debug] call back:{"appid":"wx16b93c7ce7fa04b7","attach":"game","bank_type":"CFT","cash_fee":"1","fee_type":"CNY","is_subscribe":"Y","mch_id":"1495734452","nonce_str":"gcead0oyysjdfojbywiehqelhv7q21c1","openid":"ox6IP1nToWIzfRaevqy5tgbBZ4fc","out_trade_no":"149573445220180705172755","result_code":"SUCCESS","return_code":"SUCCESS","sign":"6ADD0B8BCDBEF0CF208B56F74ADBE124","time_end":"20180705173052","total_fee":"1","trade_type":"JSAPI","transaction_id":"4200000156201807054105168148"}
[2018-07-05 19:05:05][debug] transaction_id:{}
[2018-07-05 19:05:05][debug] query:{"appid":"wx16b93c7ce7fa04b7","attach":"game","bank_type":"CFT","cash_fee":"1","fee_type":"CNY","is_subscribe":"Y","mch_id":"1495734452","nonce_str":"TmJxhTXIRckrlZ52","openid":"ox6IP1nToWIzfRaevqy5tgbBZ4fc","out_trade_no":"149573445220180705172755","result_code":"SUCCESS","return_code":"SUCCESS","return_msg":"OK","sign":"105364ACC9E24F74F766F98B3E3E214F","time_end":"20180705173052","total_fee":"1","trade_state":"SUCCESS","trade_state_desc":"\u652f\u4ed8\u6210\u529f","trade_type":"JSAPI","transaction_id":"4200000156201807054105168148"}
[2018-07-05 19:29:43][debug] begin notify
[2018-07-05 19:29:43][debug] call back:{"appid":"wx16b93c7ce7fa04b7","attach":"admin","bank_type":"CFT","cash_fee":"1","fee_type":"CNY","is_subscribe":"Y","mch_id":"1495734452","nonce_str":"hqrs7k5gefix9n37234maq32n2jse07x","openid":"ox6IP1nToWIzfRaevqy5tgbBZ4fc","out_trade_no":"149573445220180705162525","result_code":"SUCCESS","return_code":"SUCCESS","sign":"9AEE3F4E656C1E4110AF4DAA9DB53E0C","time_end":"20180705162530","total_fee":"1","trade_type":"JSAPI","transaction_id":"4200000146201807059598290434"}
[2018-07-05 19:29:43][debug] transaction_id:{}
[2018-07-05 19:29:43][debug] query:{"appid":"wx16b93c7ce7fa04b7","attach":"admin","bank_type":"CFT","cash_fee":"1","fee_type":"CNY","is_subscribe":"Y","mch_id":"1495734452","nonce_str":"nTROFEq4IOIUzmg6","openid":"ox6IP1nToWIzfRaevqy5tgbBZ4fc","out_trade_no":"149573445220180705162525","result_code":"SUCCESS","return_code":"SUCCESS","return_msg":"OK","sign":"023EC2594C69B41CF09053C88733D938","time_end":"20180705162530","total_fee":"1","trade_state":"SUCCESS","trade_state_desc":"\u652f\u4ed8\u6210\u529f","trade_type":"JSAPI","transaction_id":"4200000146201807059598290434"}
[2018-07-05 19:35:04][debug] begin notify
[2018-07-05 19:35:04][debug] call back:{"appid":"wx16b93c7ce7fa04b7","attach":"admin","bank_type":"CFT","cash_fee":"1","fee_type":"CNY","is_subscribe":"Y","mch_id":"1495734452","nonce_str":"kvj6pg825cl00ru165u5pwvsfymukama","openid":"ox6IP1nToWIzfRaevqy5tgbBZ4fc","out_trade_no":"149573445220180705163040","result_code":"SUCCESS","return_code":"SUCCESS","sign":"BFDCE462F78FE0DF96305325D9778C65","time_end":"20180705163048","total_fee":"1","trade_type":"JSAPI","transaction_id":"4200000139201807056050747799"}
[2018-07-05 19:35:04][debug] transaction_id:{}
[2018-07-05 19:35:04][debug] query:{"appid":"wx16b93c7ce7fa04b7","attach":"admin","bank_type":"CFT","cash_fee":"1","fee_type":"CNY","is_subscribe":"Y","mch_id":"1495734452","nonce_str":"TlH6r5NwYAUGtIOO","openid":"ox6IP1nToWIzfRaevqy5tgbBZ4fc","out_trade_no":"149573445220180705163040","result_code":"SUCCESS","return_code":"SUCCESS","return_msg":"OK","sign":"17343489463B02E39D9EDB6D5FE45613","time_end":"20180705163048","total_fee":"1","trade_state":"SUCCESS","trade_state_desc":"\u652f\u4ed8\u6210\u529f","trade_type":"JSAPI","transaction_id":"4200000139201807056050747799"}
[2018-07-05 19:35:07][debug] begin notify
[2018-07-05 19:35:07][debug] call back:{"appid":"wx16b93c7ce7fa04b7","attach":"game","bank_type":"CFT","cash_fee":"1","fee_type":"CNY","is_subscribe":"Y","mch_id":"1495734452","nonce_str":"gcead0oyysjdfojbywiehqelhv7q21c1","openid":"ox6IP1nToWIzfRaevqy5tgbBZ4fc","out_trade_no":"149573445220180705172755","result_code":"SUCCESS","return_code":"SUCCESS","sign":"6ADD0B8BCDBEF0CF208B56F74ADBE124","time_end":"20180705173052","total_fee":"1","trade_type":"JSAPI","transaction_id":"4200000156201807054105168148"}
[2018-07-05 19:35:07][debug] transaction_id:{}
[2018-07-05 19:35:07][debug] query:{"appid":"wx16b93c7ce7fa04b7","attach":"game","bank_type":"CFT","cash_fee":"1","fee_type":"CNY","is_subscribe":"Y","mch_id":"1495734452","nonce_str":"JD86sNSpqaaCpCUU","openid":"ox6IP1nToWIzfRaevqy5tgbBZ4fc","out_trade_no":"149573445220180705172755","result_code":"SUCCESS","return_code":"SUCCESS","return_msg":"OK","sign":"309522F0C00F5160EC2356A41D3D5861","time_end":"20180705173052","total_fee":"1","trade_state":"SUCCESS","trade_state_desc":"\u652f\u4ed8\u6210\u529f","trade_type":"JSAPI","transaction_id":"4200000156201807054105168148"}
[2018-07-05 19:48:58][debug] begin notify
[2018-07-05 19:48:58][debug] call back:{"appid":"wx16b93c7ce7fa04b7","attach":"admin","bank_type":"CFT","cash_fee":"1","fee_type":"CNY","is_subscribe":"Y","mch_id":"1495734452","nonce_str":"2hpvfz9kux6hhwbxutwgvzcogkq8hdf4","openid":"ox6IP1nToWIzfRaevqy5tgbBZ4fc","out_trade_no":"149573445220180705164439","result_code":"SUCCESS","return_code":"SUCCESS","sign":"813DC33E9B4B1180D403DD9A867749D3","time_end":"20180705164445","total_fee":"1","trade_type":"JSAPI","transaction_id":"4200000156201807055852367684"}
[2018-07-05 19:48:58][debug] transaction_id:{}
[2018-07-05 19:48:58][debug] query:{"appid":"wx16b93c7ce7fa04b7","attach":"admin","bank_type":"CFT","cash_fee":"1","fee_type":"CNY","is_subscribe":"Y","mch_id":"1495734452","nonce_str":"Olj9N3Z38dhVrQfR","openid":"ox6IP1nToWIzfRaevqy5tgbBZ4fc","out_trade_no":"149573445220180705164439","result_code":"SUCCESS","return_code":"SUCCESS","return_msg":"OK","sign":"CF9A041A5AF2B185CBA55FBBD62B57F2","time_end":"20180705164445","total_fee":"1","trade_state":"SUCCESS","trade_state_desc":"\u652f\u4ed8\u6210\u529f","trade_type":"JSAPI","transaction_id":"4200000156201807055852367684"}
[2018-07-05 19:50:05][debug] begin notify
[2018-07-05 19:50:05][debug] call back:{"appid":"wx16b93c7ce7fa04b7","attach":"admin","bank_type":"CFT","cash_fee":"1","fee_type":"CNY","is_subscribe":"Y","mch_id":"1495734452","nonce_str":"o4b5vij2s3rmte5bhkvwqus6hy6v2815","openid":"ox6IP1nToWIzfRaevqy5tgbBZ4fc","out_trade_no":"149573445220180705164535","result_code":"SUCCESS","return_code":"SUCCESS","sign":"2F6566C563BF4C796860DE2B1DF384EC","time_end":"20180705164551","total_fee":"1","trade_type":"JSAPI","transaction_id":"4200000146201807059363388791"}
[2018-07-05 19:50:05][debug] transaction_id:{}
[2018-07-05 19:50:05][debug] query:{"appid":"wx16b93c7ce7fa04b7","attach":"admin","bank_type":"CFT","cash_fee":"1","fee_type":"CNY","is_subscribe":"Y","mch_id":"1495734452","nonce_str":"bh3HQjaQVlqXwaoa","openid":"ox6IP1nToWIzfRaevqy5tgbBZ4fc","out_trade_no":"149573445220180705164535","result_code":"SUCCESS","return_code":"SUCCESS","return_msg":"OK","sign":"D1C0A0625D34D358DA7EAC5CA3DEA11B","time_end":"20180705164552","total_fee":"1","trade_state":"SUCCESS","trade_state_desc":"\u652f\u4ed8\u6210\u529f","trade_type":"JSAPI","transaction_id":"4200000146201807059363388791"}
[2018-07-05 20:35:09][debug] begin notify
[2018-07-05 20:35:09][debug] call back:{"appid":"wx16b93c7ce7fa04b7","attach":"game","bank_type":"CFT","cash_fee":"1","fee_type":"CNY","is_subscribe":"Y","mch_id":"1495734452","nonce_str":"gcead0oyysjdfojbywiehqelhv7q21c1","openid":"ox6IP1nToWIzfRaevqy5tgbBZ4fc","out_trade_no":"149573445220180705172755","result_code":"SUCCESS","return_code":"SUCCESS","sign":"6ADD0B8BCDBEF0CF208B56F74ADBE124","time_end":"20180705173052","total_fee":"1","trade_type":"JSAPI","transaction_id":"4200000156201807054105168148"}
[2018-07-05 20:35:09][debug] transaction_id:{}
[2018-07-05 20:35:09][debug] query:{"appid":"wx16b93c7ce7fa04b7","attach":"game","bank_type":"CFT","cash_fee":"1","fee_type":"CNY","is_subscribe":"Y","mch_id":"1495734452","nonce_str":"2ILCRTNPvMs96zls","openid":"ox6IP1nToWIzfRaevqy5tgbBZ4fc","out_trade_no":"149573445220180705172755","result_code":"SUCCESS","return_code":"SUCCESS","return_msg":"OK","sign":"03C0FA229AF71EC0CFFF8E8C76069464","time_end":"20180705173052","total_fee":"1","trade_state":"SUCCESS","trade_state_desc":"\u652f\u4ed8\u6210\u529f","trade_type":"JSAPI","transaction_id":"4200000156201807054105168148"}
